<?xml version="1.0" encoding="utf-8"?><testsuites name="pytest tests"><testsuite name="pytest" errors="0" failures="0" skipped="0" tests="13" time="1.499" timestamp="2026-09-09T21:22:18.523169+00:00" hostname="agent-env-616c5f6f-3878-4c39-ae73-a5916760cfa1"><testcase classname="tests.test_bar_tools.TestBatch" name="test_citrus_paloma_63" time="0.344" /><testcase classname="tests.test_bar_tools.TestShoppingList" name="test_three_recipes_50_guests_3_per" time="0.347" /><testcase classname="tests.test_bar_tools.TestBatch" name="test_batch_small_1_gallon_container" time="0.091" /><testcase classname="tests.test_bar_tools.TestShoppingList" name="test_total_drinks_rounding" time="0.107" /><testcase classname="tests.test_bar_tools.TestBatch" name="test_batch_large_multi_dispenser" time="0.091" /><testcase classname="tests.test_bar_tools.TestShoppingList" name="test_uneven_split_remainder_distributed" time="0.128" /><testcase classname="tests.test_bar_tools.TestBatch" name="test_404_unknown_recipe" time="0.084" /><testcase classname="tests.test_bar_tools.TestShoppingList" name="test_validation_min_guests" time="0.137" /><testcase classname="tests.test_bar_tools.TestBatch" name="test_validation_servings_min" time="0.081" /><testcase classname="tests.test_bar_tools.TestBatch" name="test_validation_servings_max" time="0.084" /><testcase classname="tests.test_bar_tools.TestShoppingList" name="test_validation_drinks_per_guest_range" time="0.222" /><testcase classname="tests.test_bar_tools.TestShoppingList" name="test_validation_empty_recipe_ids" time="0.112" /><testcase classname="tests.test_bar_tools.TestShoppingList" name="test_404_no_matching_recipes" time="0.119" /></testsuite></testsuites>