<?xml version="1.0" encoding="utf-8"?><testsuites name="pytest tests"><testsuite name="pytest" errors="0" failures="0" skipped="0" tests="23" time="9.824" timestamp="2026-09-09T08:11:37.680894+00:00" hostname="agent-env-616c5f6f-3878-4c39-ae73-a5916760cfa1"><testcase classname="tests.backend_test.TestPublic" name="test_root" time="0.472" /><testcase classname="tests.backend_test.TestAuth" name="test_register_and_me" time="0.538" /><testcase classname="tests.backend_test.TestPublic" name="test_recipes_list" time="0.087" /><testcase classname="tests.backend_test.TestAuth" name="test_duplicate_register" time="0.074" /><testcase classname="tests.backend_test.TestPublic" name="test_recipe_detail" time="0.090" /><testcase classname="tests.backend_test.TestAuth" name="test_login_wrong_password" time="0.299" /><testcase classname="tests.backend_test.TestPublic" name="test_recipe_not_found" time="0.268" /><testcase classname="tests.backend_test.TestAuth" name="test_login_success" time="0.294" /><testcase classname="tests.backend_test.TestPublic" name="test_recipes_filter_category" time="0.295" /><testcase classname="tests.backend_test.TestAuth" name="test_me_requires_auth" time="0.072" /><testcase classname="tests.backend_test.TestPublic" name="test_recipes_search" time="0.124" /><testcase classname="tests.backend_test.TestAuth" name="test_seeded_user" time="0.337" /><testcase classname="tests.backend_test.TestPublic" name="test_categories" time="0.244" /><testcase classname="tests.backend_test.TestPublic" name="test_garnishes" time="0.081" /><testcase classname="tests.backend_test.TestFavorites" name="test_favorites_flow" time="0.690" /><testcase classname="tests.backend_test.TestPublic" name="test_company" time="0.081" /><testcase classname="tests.backend_test.TestEvents" name="test_event_crud" time="1.062" /><testcase classname="tests.backend_test.TestFavorites" name="test_favorites_requires_auth" time="0.071" /><testcase classname="tests.backend_test.TestAI" name="test_generate_menu" time="7.010" /><testcase classname="tests.backend_test.TestEvents" name="test_events_requires_auth" time="0.081" /><testcase classname="tests.backend_test.TestUpload" name="test_upload_requires_auth" time="0.177" /><testcase classname="tests.backend_test.TestUpload" name="test_upload_and_fetch" time="2.689" /><testcase classname="tests.backend_test.TestAI" name="test_ai_validation" time="0.081" /></testsuite></testsuites>