<?xml version="1.0" encoding="utf-8"?><testsuites name="pytest tests"><testsuite name="pytest" errors="0" failures="0" skipped="0" tests="27" time="13.276" timestamp="2026-09-09T09:50:04.698950+00:00" hostname="agent-env-616c5f6f-3878-4c39-ae73-a5916760cfa1"><testcase classname="tests.backend_test.TestPublic" name="test_root" time="0.246" /><testcase classname="tests.backend_test.TestPublic" name="test_recipes_list" time="0.226" /><testcase classname="tests.backend_test.TestAuth" name="test_register_and_me" time="0.536" /><testcase classname="tests.backend_test.TestPublic" name="test_recipe_detail" time="0.115" /><testcase classname="tests.backend_test.TestAuth" name="test_duplicate_register" time="0.068" /><testcase classname="tests.backend_test.TestPublic" name="test_recipe_not_found" time="0.074" /><testcase classname="tests.backend_test.TestAuth" name="test_login_wrong_password" time="0.292" /><testcase classname="tests.backend_test.TestPublic" name="test_recipes_filter_category" time="0.240" /><testcase classname="tests.backend_test.TestAuth" name="test_login_success" time="0.292" /><testcase classname="tests.backend_test.TestPublic" name="test_recipes_search" time="0.291" /><testcase classname="tests.backend_test.TestAuth" name="test_me_requires_auth" time="0.067" /><testcase classname="tests.backend_test.TestPublic" name="test_categories" time="0.114" /><testcase classname="tests.backend_test.TestAuth" name="test_seeded_user" time="0.329" /><testcase classname="tests.backend_test.TestPublic" name="test_garnishes" time="0.245" /><testcase classname="tests.backend_test.TestPublic" name="test_company" time="0.113" /><testcase classname="tests.test_delete_account.TestDeleteAccountAuth" name="test_delete_without_token_returns_401" time="0.119" /><testcase classname="tests.test_delete_account.TestDeleteAccountAuth" name="test_delete_with_invalid_token_returns_401" time="0.255" /><testcase classname="tests.backend_test.TestEvents" name="test_event_crud" time="0.609" /><testcase classname="tests.backend_test.TestFavorites" name="test_favorites_flow" time="0.843" /><testcase classname="tests.backend_test.TestFavorites" name="test_favorites_requires_auth" time="0.071" /><testcase classname="tests.backend_test.TestEvents" name="test_events_requires_auth" time="0.065" /><testcase classname="tests.backend_test.TestAI" name="test_generate_menu" time="7.730" /><testcase classname="tests.backend_test.TestUpload" name="test_upload_requires_auth" time="0.280" /><testcase classname="tests.backend_test.TestUpload" name="test_upload_and_fetch" time="1.804" /><testcase classname="tests.test_delete_account.TestSeededUserProtected" name="test_bar_at_test_still_works" time="0.342" /><testcase classname="tests.backend_test.TestAI" name="test_ai_validation" time="0.073" /><testcase classname="tests.test_delete_account.TestDeleteAccountCascade" name="test_full_cascade_and_session_invalidation" time="2.548" /></testsuite></testsuites>