<?xml version="1.0" encoding="utf-8"?><testsuites name="pytest tests"><testsuite name="pytest" errors="0" failures="0" skipped="0" tests="10" time="1.338" timestamp="2026-09-09T21:42:55.370478+00:00" hostname="agent-env-616c5f6f-3878-4c39-ae73-a5916760cfa1"><testcase classname="tests.test_syrups.TestSyrupList" name="test_list_syrups_count_and_shape" time="0.330" /><testcase classname="tests.test_syrups.TestSyrupScale" name="test_scale_demerara_x3" time="0.420" /><testcase classname="tests.test_syrups.TestSyrupList" name="test_syrup_ids_include_expected" time="0.093" /><testcase classname="tests.test_syrups.TestSyrupScale" name="test_scale_default_multiplier_1" time="0.199" /><testcase classname="tests.test_syrups.TestSyrupDetail" name="test_get_syrup_by_id" time="0.088" /><testcase classname="tests.test_syrups.TestSyrupDetail" name="test_get_syrup_unknown_404" time="0.087" /><testcase classname="tests.test_syrups.TestSyrupScale" name="test_scale_multiplier_boundary_20" time="0.101" /><testcase classname="tests.test_syrups.TestSyrupScale" name="test_scale_multiplier_zero_422" time="0.095" /><testcase classname="tests.test_syrups.TestSyrupScale" name="test_scale_multiplier_over_20_422" time="0.104" /><testcase classname="tests.test_syrups.TestSyrupScale" name="test_scale_unknown_syrup_404" time="0.096" /></testsuite></testsuites>